<?xml version="1.0" encoding="UTF-8"?>
<testng-results ignored="0" total="1" passed="0" failed="1" skipped="0">
  <reporter-output>
  </reporter-output>
  <suite started-at="2023-03-12T12:30:52 EDT" name="Surefire suite" finished-at="2023-03-12T12:31:01 EDT" duration-ms="8591">
    <groups>
      <group name="cucumber">
        <method signature="AbstractTestNGCucumberTests.runScenario(io.cucumber.testng.PickleWrapper, io.cucumber.testng.FeatureWrapper)[pri:0, instance:TestRunner@971d0d8]" name="runScenario" class="io.cucumber.testng.AbstractTestNGCucumberTests"/>
      </group> <!-- cucumber -->
    </groups>
    <test started-at="2023-03-12T12:30:52 EDT" name="Surefire test" finished-at="2023-03-12T12:31:01 EDT" duration-ms="8591">
      <class name="TestRunner">
        <test-method is-config="true" signature="setUpClass()[pri:0, instance:TestRunner@971d0d8]" started-at="2023-03-12T12:30:52 EDT" name="setUpClass" finished-at="2023-03-12T12:30:53 EDT" duration-ms="316" status="PASS">
          <reporter-output>
          </reporter-output>
        </test-method> <!-- setUpClass -->
        <test-method signature="runScenario(io.cucumber.testng.PickleWrapper, io.cucumber.testng.FeatureWrapper)[pri:0, instance:TestRunner@971d0d8]" started-at="2023-03-12T12:30:53 EDT" name="runScenario" description="Runs Cucumber Scenarios" data-provider="scenarios" finished-at="2023-03-12T12:31:01 EDT" duration-ms="8174" status="FAIL">
          <params>
            <param index="0">
              <value>
                <![CDATA["User should not be able to login with valid email and invalid password"]]>
              </value>
            </param>
            <param index="1">
              <value>
                <![CDATA["Optional[Login Feature]"]]>
              </value>
            </param>
          </params>
          <exception class="java.lang.AssertionError">
            <message>
              <![CDATA[expected [You have entered an incorrect email or student Ids] but found [You have entered an incorrect email or student Id]]]>
            </message>
            <full-stacktrace>
              <![CDATA[java.lang.AssertionError: expected [You have entered an incorrect email or student Ids] but found [You have entered an incorrect email or student Id]
at org.testng.Assert.fail(Assert.java:99)
at org.testng.Assert.failNotEquals(Assert.java:1037)
at org.testng.Assert.assertEqualsImpl(Assert.java:140)
at org.testng.Assert.assertEquals(Assert.java:122)
at org.testng.Assert.assertEquals(Assert.java:629)
at org.testng.Assert.assertEquals(Assert.java:639)
at pageObject.login_page.verifyErrorMessageForInvalidEmailOrPassword(login_page.java:55)
at stepDef.LoginSteps.userShouldBeAbleSeeMessage(LoginSteps.java:55)
at âœ½.user should be able see "You have entered an incorrect email or student Ids" message(file:///Users/hbhuiyan/Documents/TalentTEK/GitStuff/CBDDFW_JAN_2023/src/test/java/features/login.feature:17)
]]>
            </full-stacktrace>
          </exception> <!-- java.lang.AssertionError -->
          <reporter-output>
          </reporter-output>
        </test-method> <!-- runScenario -->
        <test-method is-config="true" signature="tearDownClass()[pri:0, instance:TestRunner@971d0d8]" started-at="2023-03-12T12:31:01 EDT" name="tearDownClass" finished-at="2023-03-12T12:31:01 EDT" duration-ms="72" status="PASS">
          <reporter-output>
          </reporter-output>
        </test-method> <!-- tearDownClass -->
      </class> <!-- TestRunner -->
    </test> <!-- Surefire test -->
  </suite> <!-- Surefire suite -->
</testng-results>
